# python3 -m pytest tests/test_* -vvv > pytest.log
============================= test session starts ==============================
platform darwin -- Python 3.7.2, pytest-4.3.0, py-1.7.0, pluggy-0.8.1 -- /usr/local/opt/python/bin/python3.7
cachedir: .pytest_cache
rootdir: /Users/adevey/class/Python220A_2019/students/aaron/lesson09/assignment, inifile:
collecting ... collected 4 items

tests/test_database.py::test_import_data PASSED                          [ 25%]
tests/test_database.py::test_show_available_products PASSED              [ 50%]
tests/test_database.py::test_show_rentals PASSED                         [ 75%]
tests/test_pngdiscover.py::test_list_png_files PASSED                    [100%]

=========================== 4 passed in 0.57 seconds ===========================
