$ python3 -m pytest -svvv tests/test_perf.py > pytest.log
============================= test session starts ==============================
platform darwin -- Python 3.7.2, pytest-4.3.0, py-1.7.0, pluggy-0.8.1 -- /usr/local/opt/python/bin/python3.7
cachedir: .pytest_cache
rootdir: /Users/adevey/class/Python220A_2019/students/aaron/lesson06/assignment, inifile:
collecting ... collected 1 item

tests/test_perf.py::test_assess_preformance {'2013': 20360, '2014': 20247, '2015': 20228, '2016': 20367, '2017': 20076, '2018': 20210}
'ao' was found 609102 times
{'2013': 20360, '2014': 20247, '2015': 20228, '2016': 20367, '2017': 20076, '2018': 20210}
'ao' was found 609102 times
Poor elapsed: 0:00:07.883165
Good elapsed: 0:00:03.833491
PASSED

========================== 1 passed in 11.82 seconds ===========================
