============================= test session starts ==============================
platform darwin -- Python 3.7.2, pytest-4.3.0, py-1.7.0, pluggy-0.8.1 -- /usr/local/opt/python/bin/python3.7
cachedir: .pytest_cache
rootdir: /Users/adevey/class/Python220A_2019/students/aaron/lesson08/assignment, inifile:
collecting ... collected 2 items

tests/test_inventory.py::test_add_furniture_new_file PASSED              [ 50%]
tests/test_inventory.py::test_single_customer PASSED                     [100%]

=========================== 2 passed in 0.01 seconds ===========================
